Time resolution is 1 ps
# Test patterns for button_pressed.vhd  (using 4 bit internal counter)
# input format button_pressed: noskip reset button_in button_out
# equivalent for button_pressed_board: noskip btnC btnU led
# NOTE: test vector file for sequential module (using skips)!
# test1:Reset high
Test OK for test input: 1, 0,  (output=0, desired output=0)
# test2: gwne functionaliteit over- underflow en dan buttonout 1
# button in 1, minstens 16(want 4 bits) 
Test OK for test input: 0, 1,  (output=0, desired output=0)
# overflow detected! nu button_in 0
Test OK for test input: 0, 0,  (output=0, desired output=0)
Test OK for test input: 0, 0,  (output=0, desired output=0)
# underflow detected! nu button_out 1 en daarna direct 0
Test OK for test input: 0, 0,  (output=1, desired output=1)
Test OK for test input: 0, 0,  (output=0, desired output=0)
Test OK for test input: 0, 0,  (output=0, desired output=0)
# test3: reset voor overflow
# button in 1 
Test OK for test input: 0, 1,  (output=0, desired output=0)
Test OK for test input: 0, 1,  (output=0, desired output=0)
# !!!reset voor overflow en verder doen zoals normaal om te checken als effectief reset is
Test OK for test input: 1, 1,  (output=0, desired output=0)
Test OK for test input: 0, 1,  (output=0, desired output=0)
# overflow detected! nu button_in 0
Test OK for test input: 0, 0,  (output=0, desired output=0)
Test OK for test input: 0, 0,  (output=0, desired output=0)
# underflow detected! out 0 want reset
Test OK for test input: 0, 0,  (output=0, desired output=0)
Test OK for test input: 0, 0,  (output=0, desired output=0)
Test OK for test input: 0, 0,  (output=0, desired output=0)
# test4: reset na overflow
# button in 1
Test OK for test input: 0, 1,  (output=0, desired output=0)
# overflow detected! nu button_in 0
Test OK for test input: 0, 0,  (output=0, desired output=0)
# !!!reset na overflow en verder doen zoals normaal om te checken als effectief reset is
Test OK for test input: 1, 0,  (output=0, desired output=0)
Test OK for test input: 0, 0,  (output=0, desired output=0)
Test OK for test input: 0, 0,  (output=0, desired output=0)
Test OK for test input: 0, 0,  (output=0, desired output=0)
# underflow detected! out 0 want reset
Test OK for test input: 0, 0,  (output=0, desired output=0)
Test OK for test input: 0, 0,  (output=0, desired output=0)
Test OK for test input: 0, 0,  (output=0, desired output=0)
# test5: button pushed after let go
Test OK for test input: 0, 1,  (output=0, desired output=0)
# overflow detected! nu button_in 0
# jitter
Test OK for test input: 0, 0,  (output=0, desired output=0)
# underflow detected! nu button_out 1 en daarna direct 0
Test OK for test input: 0, 0,  (output=1, desired output=1)
Test OK for test input: 0, 0,  (output=0, desired output=0)
Test OK for test input: 0, 0,  (output=0, desired output=0)

169 test patterns run, 0 error(s) detected

Failure: This is not a failure: all tests completed
Time: 3520 ns  Iteration: 0  Process: /ROM_tb_button_pressed/line__97  File: C:/Users/arthu/Documents/digitale-elektronica/digielek-git/digielek/Demos/debouncer/debouncer.srcs/sim_1/imports/testbanken/ROM_tb_button_pressed.vhd
$finish called at time : 3520 ns : File "C:/Users/arthu/Documents/digitale-elektronica/digielek-git/digielek/Demos/debouncer/debouncer.srcs/sim_1/imports/testbanken/ROM_tb_button_pressed.vhd" Line 117
