Vivado Simulator v2024.1
Copyright 1986-2022 Xilinx, Inc. All Rights Reserved.
Copyright 2022-2024 Advanced Micro Devices, Inc. All Rights Reserved.
Running: C:/Xilinx/Vivado/2024.1/bin/unwrapped/win64.o/xelab.exe --incr --debug typical --relax --mt 2 -L xil_defaultlib -L secureip --snapshot addsub_display_behav xil_defaultlib.addsub_display -log elaborate.log 
Using 2 slave threads.
Starting static elaboration
Completed static elaboration
Starting simulation data flow analysis
Completed simulation data flow analysis
Time Resolution for simulation is 1ps
Compiling package std.standard
Compiling package std.textio
Compiling package ieee.std_logic_1164
Compiling package ieee.numeric_std
Compiling package unisim.vcomponents
Compiling package ieee.std_logic_arith
Compiling package ieee.std_logic_unsigned
Compiling architecture behavioural of entity xil_defaultlib.addsub [\addsub(n=4)\]
Compiling architecture behavioural of entity xil_defaultlib.bintobcd [bintobcd_default]
Compiling architecture waarheidstabel of entity xil_defaultlib.bcdtoseg [bcdtoseg_default]
Compiling architecture behavioral of entity xil_defaultlib.display_encoder [display_encoder_default]
Compiling architecture behavioural of entity xil_defaultlib.multiple_display_driver [multiple_display_driver_default]
Compiling architecture behavioral of entity xil_defaultlib.addsub_display
Built simulation snapshot addsub_display_behav
